c:\users\casso\source\repos\proj\spaceshooter\int\vc143.pdb
c:\users\casso\source\repos\proj\spaceshooter\int\vc143.idb
c:\users\casso\source\repos\proj\spaceshooter\int\vectormath.obj
c:\users\casso\source\repos\proj\spaceshooter\int\tower.obj
c:\users\casso\source\repos\proj\spaceshooter\int\meteor.obj
c:\users\casso\source\repos\proj\spaceshooter\int\sceneobject.obj
c:\users\casso\source\repos\proj\spaceshooter\int\scene.obj
c:\users\casso\source\repos\proj\spaceshooter\int\projectile.obj
c:\users\casso\source\repos\proj\spaceshooter\int\missile.obj
c:\users\casso\source\repos\proj\spaceshooter\int\line.obj
c:\users\casso\source\repos\proj\spaceshooter\int\explosion.obj
c:\users\casso\source\repos\proj\spaceshooter\int\main.obj
c:\users\casso\source\repos\proj\spaceshooter\build\dv1627_missile_command_visual_studio_2022_d.exe
c:\users\casso\source\repos\proj\spaceshooter\int\dv1627_missile_command_visual_studio_2022_d.ilk
c:\users\casso\source\repos\proj\spaceshooter\build\dv1627_missile_command_visual_studio_2022_d.pdb
c:\users\casso\source\repos\proj\spaceshooter\int\dv1627_missile_command_visual_studio_2022.vcxproj.filelistabsolute.txt
c:\users\casso\source\repos\proj\spaceshooter\int\dv1627_m.0e2d5610.tlog\cl.command.1.tlog
c:\users\casso\source\repos\proj\spaceshooter\int\dv1627_m.0e2d5610.tlog\cl.read.1.tlog
c:\users\casso\source\repos\proj\spaceshooter\int\dv1627_m.0e2d5610.tlog\cl.write.1.tlog
c:\users\casso\source\repos\proj\spaceshooter\int\dv1627_m.0e2d5610.tlog\link.command.1.tlog
c:\users\casso\source\repos\proj\spaceshooter\int\dv1627_m.0e2d5610.tlog\link.read.1.tlog
c:\users\casso\source\repos\proj\spaceshooter\int\dv1627_m.0e2d5610.tlog\link.write.1.tlog
